<?xml version="1.0" encoding="UTF-8"?>
<!-- Generated by org.testng.reporters.JUnitXMLReporter -->
<testsuite ignored="0" hostname="DESKTOP-36D7PBU" failures="1" tests="16" name="Regression TestCases" time="126.748" errors="0" timestamp="2023-02-05T20:59:27 IST">
  <testcase classname="com.amitlearning.testcases.T2_RegisterTest" name="verifyRegisteringAnAccountWithMandatoryFields" time="1.769"/>
  <testcase classname="com.amitlearning.testcases.T2_RegisterTest" name="verifyRegisteringAccountByProvidingAllFields" time="1.691"/>
  <testcase classname="com.amitlearning.testcases.T2_RegisterTest" name="verifyRegisteringAccountByProvidingExistingEmailAddress" time="1.322"/>
  <testcase classname="com.amitlearning.testcases.T2_RegisterTest" name="verifyRegisteringAccountWithoutFillingAnyDetails" time="0.63"/>
  <testcase classname="com.amitlearning.testcases.T1_LoginTestDataFromExcelTest" name="verifyLoginWithValidCredentials" time="0.878"/>
  <testcase classname="com.amitlearning.testcases.T1_LoginTestDataFromExcelTest" name="verifyLoginWithValidCredentials" time="1.001"/>
  <testcase classname="com.amitlearning.testcases.T1_LoginTestDataFromExcelTest" name="verifyLoginWithValidCredentials" time="0.839"/>
  <testcase classname="com.amitlearning.testcases.T1_LoginTestDataFromExcelTest" name="verifyLoginWithValidCredentials" time="0.799"/>
  <testcase classname="com.amitlearning.testcases.T1_LoginTestDataFromExcelTest" name="verifyLoginWithInValidCredentials" time="0.78"/>
  <testcase classname="com.amitlearning.testcases.T1_LoginTestDataFromExcelTest" name="verifyLoginWithInValidEmailAndValidPassword" time="0.727"/>
  <testcase classname="com.amitlearning.testcases.T1_LoginTestDataFromExcelTest" name="verifyLoginWithValidEmailAndInValidPassword" time="0.664"/>
  <testcase classname="com.amitlearning.testcases.T1_LoginTestDataFromExcelTest" name="verifyLoginWithoutProvidingCredentials" time="0.421"/>
  <testcase classname="com.amitlearning.testcases.T3_SearchTest" name="verifySearchWithValidProduct" time="0.549"/>
  <testcase classname="com.amitlearning.testcases.T3_SearchTest" name="verifySearchWithInValidProduct" time="0.548">
    <failure type="java.lang.AssertionError" message="Unexpected product display expected [abcd] but found [There is no product that matches the search criteria.]">
      <![CDATA[java.lang.AssertionError: Unexpected product display expected [abcd] but found [There is no product that matches the search criteria.]
at com.amitlearning.testcases.T3_SearchTest.verifySearchWithInValidProduct(T3_SearchTest.java:49)
at java.base/java.util.ArrayList.forEach(ArrayList.java:1511)
... Removed 32 stack frames]]>
    </failure>
  </testcase> <!-- verifySearchWithInValidProduct -->
  <testcase classname="com.amitlearning.testcases.T3_SearchTest" name="verifySearchWithoutAnyProduct" time="0.0">
    <skipped/>
  </testcase> <!-- verifySearchWithoutAnyProduct -->
  <testcase classname="com.amitlearning.testcases.T3_SearchTest" name="verifySearchWithValidProductOnLogin" time="1.865"/>
</testsuite> <!-- Regression TestCases -->
