<?xml version="1.0" encoding="UTF-8"?>
<testng-results ignored="0" total="16" passed="14" failed="1" skipped="1">
  <reporter-output>
  </reporter-output>
  <suite started-at="2023-02-05T19:26:17 IST" name="Application Automation Suite" finished-at="2023-02-05T19:28:22 IST" duration-ms="124581">
    <groups>
    </groups>
    <test started-at="2023-02-05T19:26:17 IST" name="Regression TestCases" finished-at="2023-02-05T19:28:22 IST" duration-ms="124581">
      <class name="com.amitlearning.testcases.T2_RegisterTest">
        <test-method is-config="true" signature="setup()[pri:0, instance:com.amitlearning.testcases.T2_RegisterTest@3bb9a3ff]" started-at="2023-02-05T19:26:18 IST" name="setup" finished-at="2023-02-05T19:26:27 IST" duration-ms="8684" status="PASS">
          <reporter-output>
          </reporter-output>
        </test-method> <!-- setup -->
        <test-method signature="verifyRegisteringAnAccountWithMandatoryFields()[pri:1, instance:com.amitlearning.testcases.T2_RegisterTest@3bb9a3ff]" started-at="2023-02-05T19:26:27 IST" name="verifyRegisteringAnAccountWithMandatoryFields" finished-at="2023-02-05T19:26:28 IST" duration-ms="1666" status="PASS">
          <reporter-output>
          </reporter-output>
        </test-method> <!-- verifyRegisteringAnAccountWithMandatoryFields -->
        <test-method is-config="true" signature="tearDown()[pri:0, instance:com.amitlearning.testcases.T2_RegisterTest@3bb9a3ff]" started-at="2023-02-05T19:26:28 IST" name="tearDown" finished-at="2023-02-05T19:26:29 IST" duration-ms="360" status="PASS">
          <reporter-output>
          </reporter-output>
        </test-method> <!-- tearDown -->
        <test-method is-config="true" signature="setup()[pri:0, instance:com.amitlearning.testcases.T2_RegisterTest@3bb9a3ff]" started-at="2023-02-05T19:26:29 IST" name="setup" finished-at="2023-02-05T19:26:35 IST" duration-ms="6736" status="PASS">
          <reporter-output>
          </reporter-output>
        </test-method> <!-- setup -->
        <test-method signature="verifyRegisteringAccountByProvidingAllFields()[pri:2, instance:com.amitlearning.testcases.T2_RegisterTest@3bb9a3ff]" started-at="2023-02-05T19:26:35 IST" name="verifyRegisteringAccountByProvidingAllFields" finished-at="2023-02-05T19:26:37 IST" duration-ms="1822" status="PASS">
          <reporter-output>
          </reporter-output>
        </test-method> <!-- verifyRegisteringAccountByProvidingAllFields -->
        <test-method is-config="true" signature="tearDown()[pri:0, instance:com.amitlearning.testcases.T2_RegisterTest@3bb9a3ff]" started-at="2023-02-05T19:26:37 IST" name="tearDown" finished-at="2023-02-05T19:26:38 IST" duration-ms="386" status="PASS">
          <reporter-output>
          </reporter-output>
        </test-method> <!-- tearDown -->
        <test-method is-config="true" signature="setup()[pri:0, instance:com.amitlearning.testcases.T2_RegisterTest@3bb9a3ff]" started-at="2023-02-05T19:26:38 IST" name="setup" finished-at="2023-02-05T19:26:45 IST" duration-ms="7452" status="PASS">
          <reporter-output>
          </reporter-output>
        </test-method> <!-- setup -->
        <test-method signature="verifyRegisteringAccountByProvidingExistingEmailAddress()[pri:3, instance:com.amitlearning.testcases.T2_RegisterTest@3bb9a3ff]" started-at="2023-02-05T19:26:45 IST" name="verifyRegisteringAccountByProvidingExistingEmailAddress" finished-at="2023-02-05T19:26:47 IST" duration-ms="1656" status="PASS">
          <reporter-output>
          </reporter-output>
        </test-method> <!-- verifyRegisteringAccountByProvidingExistingEmailAddress -->
        <test-method is-config="true" signature="tearDown()[pri:0, instance:com.amitlearning.testcases.T2_RegisterTest@3bb9a3ff]" started-at="2023-02-05T19:26:47 IST" name="tearDown" finished-at="2023-02-05T19:26:47 IST" duration-ms="357" status="PASS">
          <reporter-output>
          </reporter-output>
        </test-method> <!-- tearDown -->
        <test-method is-config="true" signature="setup()[pri:0, instance:com.amitlearning.testcases.T2_RegisterTest@3bb9a3ff]" started-at="2023-02-05T19:26:47 IST" name="setup" finished-at="2023-02-05T19:26:54 IST" duration-ms="7092" status="PASS">
          <reporter-output>
          </reporter-output>
        </test-method> <!-- setup -->
        <test-method signature="verifyRegisteringAccountWithoutFillingAnyDetails()[pri:4, instance:com.amitlearning.testcases.T2_RegisterTest@3bb9a3ff]" started-at="2023-02-05T19:26:54 IST" name="verifyRegisteringAccountWithoutFillingAnyDetails" finished-at="2023-02-05T19:26:55 IST" duration-ms="646" status="PASS">
          <reporter-output>
          </reporter-output>
        </test-method> <!-- verifyRegisteringAccountWithoutFillingAnyDetails -->
        <test-method is-config="true" signature="tearDown()[pri:0, instance:com.amitlearning.testcases.T2_RegisterTest@3bb9a3ff]" started-at="2023-02-05T19:26:55 IST" name="tearDown" finished-at="2023-02-05T19:26:55 IST" duration-ms="273" status="PASS">
          <reporter-output>
          </reporter-output>
        </test-method> <!-- tearDown -->
      </class> <!-- com.amitlearning.testcases.T2_RegisterTest -->
      <class name="com.amitlearning.testcases.T3_SearchTest">
        <test-method is-config="true" signature="setup()[pri:0, instance:com.amitlearning.testcases.T3_SearchTest@35cabb2a]" started-at="2023-02-05T19:27:59 IST" name="setup" finished-at="2023-02-05T19:28:05 IST" duration-ms="6458" status="PASS">
          <reporter-output>
          </reporter-output>
        </test-method> <!-- setup -->
        <test-method signature="verifySearchWithValidProduct()[pri:1, instance:com.amitlearning.testcases.T3_SearchTest@35cabb2a]" started-at="2023-02-05T19:28:05 IST" name="verifySearchWithValidProduct" finished-at="2023-02-05T19:28:06 IST" duration-ms="508" status="PASS">
          <reporter-output>
          </reporter-output>
        </test-method> <!-- verifySearchWithValidProduct -->
        <test-method is-config="true" signature="tearDown()[pri:0, instance:com.amitlearning.testcases.T3_SearchTest@35cabb2a]" started-at="2023-02-05T19:28:06 IST" name="tearDown" finished-at="2023-02-05T19:28:06 IST" duration-ms="315" status="PASS">
          <reporter-output>
          </reporter-output>
        </test-method> <!-- tearDown -->
        <test-method is-config="true" signature="setup()[pri:0, instance:com.amitlearning.testcases.T3_SearchTest@35cabb2a]" started-at="2023-02-05T19:28:06 IST" name="setup" finished-at="2023-02-05T19:28:13 IST" duration-ms="6737" status="PASS">
          <reporter-output>
          </reporter-output>
        </test-method> <!-- setup -->
        <test-method signature="verifySearchWithInValidProduct()[pri:2, instance:com.amitlearning.testcases.T3_SearchTest@35cabb2a]" started-at="2023-02-05T19:28:13 IST" name="verifySearchWithInValidProduct" finished-at="2023-02-05T19:28:13 IST" duration-ms="542" status="FAIL">
          <exception class="java.lang.AssertionError">
            <message>
              <![CDATA[Unexpected product display expected [abcd] but found [There is no product that matches the search criteria.]]]>
            </message>
            <full-stacktrace>
              <![CDATA[java.lang.AssertionError: Unexpected product display expected [abcd] but found [There is no product that matches the search criteria.]
at org.testng.Assert.fail(Assert.java:110)
at org.testng.Assert.failNotEquals(Assert.java:1577)
at org.testng.Assert.assertEqualsImpl(Assert.java:149)
at org.testng.Assert.assertEquals(Assert.java:131)
at org.testng.Assert.assertEquals(Assert.java:655)
at com.amitlearning.testcases.T3_SearchTest.verifySearchWithInValidProduct(T3_SearchTest.java:49)
at java.base/jdk.internal.reflect.NativeMethodAccessorImpl.invoke0(Native Method)
at java.base/jdk.internal.reflect.NativeMethodAccessorImpl.invoke(NativeMethodAccessorImpl.java:77)
at java.base/jdk.internal.reflect.DelegatingMethodAccessorImpl.invoke(DelegatingMethodAccessorImpl.java:43)
at java.base/java.lang.reflect.Method.invoke(Method.java:568)
at org.testng.internal.invokers.MethodInvocationHelper.invokeMethod(MethodInvocationHelper.java:139)
at org.testng.internal.invokers.TestInvoker.invokeMethod(TestInvoker.java:677)
at org.testng.internal.invokers.TestInvoker.invokeTestMethod(TestInvoker.java:221)
at org.testng.internal.invokers.MethodRunner.runInSequence(MethodRunner.java:50)
at org.testng.internal.invokers.TestInvoker$MethodInvocationAgent.invoke(TestInvoker.java:969)
at org.testng.internal.invokers.TestInvoker.invokeTestMethods(TestInvoker.java:194)
at org.testng.internal.invokers.TestMethodWorker.invokeTestMethods(TestMethodWorker.java:148)
at org.testng.internal.invokers.TestMethodWorker.run(TestMethodWorker.java:128)
at java.base/java.util.ArrayList.forEach(ArrayList.java:1511)
at org.testng.TestRunner.privateRun(TestRunner.java:829)
at org.testng.TestRunner.run(TestRunner.java:602)
at org.testng.SuiteRunner.runTest(SuiteRunner.java:437)
at org.testng.SuiteRunner.runSequentially(SuiteRunner.java:431)
at org.testng.SuiteRunner.privateRun(SuiteRunner.java:391)
at org.testng.SuiteRunner.run(SuiteRunner.java:330)
at org.testng.SuiteRunnerWorker.runSuite(SuiteRunnerWorker.java:52)
at org.testng.SuiteRunnerWorker.run(SuiteRunnerWorker.java:95)
at org.testng.TestNG.runSuitesSequentially(TestNG.java:1256)
at org.testng.TestNG.runSuitesLocally(TestNG.java:1176)
at org.testng.TestNG.runSuites(TestNG.java:1099)
at org.testng.TestNG.run(TestNG.java:1067)
at org.apache.maven.surefire.testng.TestNGExecutor.run(TestNGExecutor.java:324)
at org.apache.maven.surefire.testng.TestNGXmlTestSuite.execute(TestNGXmlTestSuite.java:74)
at org.apache.maven.surefire.testng.TestNGProvider.invoke(TestNGProvider.java:123)
at org.apache.maven.surefire.booter.ForkedBooter.runSuitesInProcess(ForkedBooter.java:456)
at org.apache.maven.surefire.booter.ForkedBooter.execute(ForkedBooter.java:169)
at org.apache.maven.surefire.booter.ForkedBooter.run(ForkedBooter.java:595)
at org.apache.maven.surefire.booter.ForkedBooter.main(ForkedBooter.java:581)
]]>
            </full-stacktrace>
          </exception> <!-- java.lang.AssertionError -->
          <reporter-output>
          </reporter-output>
        </test-method> <!-- verifySearchWithInValidProduct -->
        <test-method is-config="true" signature="tearDown()[pri:0, instance:com.amitlearning.testcases.T3_SearchTest@35cabb2a]" started-at="2023-02-05T19:28:14 IST" name="tearDown" finished-at="2023-02-05T19:28:14 IST" duration-ms="252" status="PASS">
          <reporter-output>
          </reporter-output>
        </test-method> <!-- tearDown -->
        <test-method signature="verifySearchWithoutAnyProduct()[pri:3, instance:com.amitlearning.testcases.T3_SearchTest@35cabb2a]" started-at="2023-02-05T19:28:14 IST" name="verifySearchWithoutAnyProduct" finished-at="2023-02-05T19:28:14 IST" depends-on-methods="com.amitlearning.testcases.T3_SearchTest.verifySearchWithValidProduct, com.amitlearning.testcases.T3_SearchTest.verifySearchWithInValidProduct" duration-ms="0" status="SKIP">
          <exception class="java.lang.Throwable">
            <message>
              <![CDATA[Method com.amitlearning.testcases.T3_SearchTest.verifySearchWithoutAnyProduct() on instance com.amitlearning.testcases.T3_SearchTest@35cabb2a depends on not successfully finished methods 
[com.amitlearning.testcases.T3_SearchTest.verifySearchWithValidProduct() on instance com.amitlearning.testcases.T3_SearchTest@35cabb2a
com.amitlearning.testcases.T3_SearchTest.verifySearchWithInValidProduct() on instance com.amitlearning.testcases.T3_SearchTest@35cabb2a]]]>
            </message>
            <full-stacktrace>
              <![CDATA[java.lang.Throwable: Method com.amitlearning.testcases.T3_SearchTest.verifySearchWithoutAnyProduct() on instance com.amitlearning.testcases.T3_SearchTest@35cabb2a depends on not successfully finished methods 
[com.amitlearning.testcases.T3_SearchTest.verifySearchWithValidProduct() on instance com.amitlearning.testcases.T3_SearchTest@35cabb2a
com.amitlearning.testcases.T3_SearchTest.verifySearchWithInValidProduct() on instance com.amitlearning.testcases.T3_SearchTest@35cabb2a]
at org.testng.internal.invokers.TestInvoker.invokeTestMethods(TestInvoker.java:150)
at org.testng.internal.invokers.TestMethodWorker.invokeTestMethods(TestMethodWorker.java:148)
at org.testng.internal.invokers.TestMethodWorker.run(TestMethodWorker.java:128)
at java.base/java.util.ArrayList.forEach(ArrayList.java:1511)
at org.testng.TestRunner.privateRun(TestRunner.java:829)
at org.testng.TestRunner.run(TestRunner.java:602)
at org.testng.SuiteRunner.runTest(SuiteRunner.java:437)
at org.testng.SuiteRunner.runSequentially(SuiteRunner.java:431)
at org.testng.SuiteRunner.privateRun(SuiteRunner.java:391)
at org.testng.SuiteRunner.run(SuiteRunner.java:330)
at org.testng.SuiteRunnerWorker.runSuite(SuiteRunnerWorker.java:52)
at org.testng.SuiteRunnerWorker.run(SuiteRunnerWorker.java:95)
at org.testng.TestNG.runSuitesSequentially(TestNG.java:1256)
at org.testng.TestNG.runSuitesLocally(TestNG.java:1176)
at org.testng.TestNG.runSuites(TestNG.java:1099)
at org.testng.TestNG.run(TestNG.java:1067)
at org.apache.maven.surefire.testng.TestNGExecutor.run(TestNGExecutor.java:324)
at org.apache.maven.surefire.testng.TestNGXmlTestSuite.execute(TestNGXmlTestSuite.java:74)
at org.apache.maven.surefire.testng.TestNGProvider.invoke(TestNGProvider.java:123)
at org.apache.maven.surefire.booter.ForkedBooter.runSuitesInProcess(ForkedBooter.java:456)
at org.apache.maven.surefire.booter.ForkedBooter.execute(ForkedBooter.java:169)
at org.apache.maven.surefire.booter.ForkedBooter.run(ForkedBooter.java:595)
at org.apache.maven.surefire.booter.ForkedBooter.main(ForkedBooter.java:581)
]]>
            </full-stacktrace>
          </exception> <!-- java.lang.Throwable -->
          <reporter-output>
          </reporter-output>
        </test-method> <!-- verifySearchWithoutAnyProduct -->
        <test-method is-config="true" signature="setup()[pri:0, instance:com.amitlearning.testcases.T3_SearchTest@35cabb2a]" started-at="2023-02-05T19:28:14 IST" name="setup" finished-at="2023-02-05T19:28:20 IST" duration-ms="5967" status="PASS">
          <reporter-output>
          </reporter-output>
        </test-method> <!-- setup -->
        <test-method signature="verifySearchWithValidProductOnLogin()[pri:4, instance:com.amitlearning.testcases.T3_SearchTest@35cabb2a]" started-at="2023-02-05T19:28:20 IST" name="verifySearchWithValidProductOnLogin" finished-at="2023-02-05T19:28:22 IST" duration-ms="1555" status="PASS">
          <reporter-output>
          </reporter-output>
        </test-method> <!-- verifySearchWithValidProductOnLogin -->
        <test-method is-config="true" signature="tearDown()[pri:0, instance:com.amitlearning.testcases.T3_SearchTest@35cabb2a]" started-at="2023-02-05T19:28:22 IST" name="tearDown" finished-at="2023-02-05T19:28:22 IST" duration-ms="316" status="PASS">
          <reporter-output>
          </reporter-output>
        </test-method> <!-- tearDown -->
      </class> <!-- com.amitlearning.testcases.T3_SearchTest -->
      <class name="com.amitlearning.testcases.T1_LoginTestDataFromExcelTest">
        <test-method is-config="true" signature="setup()[pri:0, instance:com.amitlearning.testcases.T1_LoginTestDataFromExcelTest@478190fc]" started-at="2023-02-05T19:26:57 IST" name="setup" finished-at="2023-02-05T19:27:04 IST" duration-ms="7447" status="PASS">
          <reporter-output>
          </reporter-output>
        </test-method> <!-- setup -->
        <test-method signature="verifyLoginWithValidCredentials(java.lang.String,java.lang.String)[pri:1, instance:com.amitlearning.testcases.T1_LoginTestDataFromExcelTest@478190fc]" started-at="2023-02-05T19:27:04 IST" name="verifyLoginWithValidCredentials" data-provider="validCredentialsSupplier" finished-at="2023-02-05T19:27:05 IST" duration-ms="805" status="PASS">
          <params>
            <param index="0">
              <value>
                <![CDATA[amotooricap9@gmail.com]]>
              </value>
            </param>
            <param index="1">
              <value>
                <![CDATA[12345]]>
              </value>
            </param>
          </params>
          <reporter-output>
          </reporter-output>
        </test-method> <!-- verifyLoginWithValidCredentials -->
        <test-method is-config="true" signature="tearDown()[pri:0, instance:com.amitlearning.testcases.T1_LoginTestDataFromExcelTest@478190fc]" started-at="2023-02-05T19:27:05 IST" name="tearDown" finished-at="2023-02-05T19:27:05 IST" duration-ms="239" status="PASS">
          <reporter-output>
          </reporter-output>
        </test-method> <!-- tearDown -->
        <test-method is-config="true" signature="setup()[pri:0, instance:com.amitlearning.testcases.T1_LoginTestDataFromExcelTest@478190fc]" started-at="2023-02-05T19:27:05 IST" name="setup" finished-at="2023-02-05T19:27:11 IST" duration-ms="6335" status="PASS">
          <reporter-output>
          </reporter-output>
        </test-method> <!-- setup -->
        <test-method signature="verifyLoginWithValidCredentials(java.lang.String,java.lang.String)[pri:1, instance:com.amitlearning.testcases.T1_LoginTestDataFromExcelTest@478190fc]" started-at="2023-02-05T19:27:11 IST" name="verifyLoginWithValidCredentials" data-provider="validCredentialsSupplier" finished-at="2023-02-05T19:27:12 IST" duration-ms="767" status="PASS">
          <params>
            <param index="0">
              <value>
                <![CDATA[aks07@gmail.com]]>
              </value>
            </param>
            <param index="1">
              <value>
                <![CDATA[12345]]>
              </value>
            </param>
          </params>
          <reporter-output>
          </reporter-output>
        </test-method> <!-- verifyLoginWithValidCredentials -->
        <test-method is-config="true" signature="tearDown()[pri:0, instance:com.amitlearning.testcases.T1_LoginTestDataFromExcelTest@478190fc]" started-at="2023-02-05T19:27:12 IST" name="tearDown" finished-at="2023-02-05T19:27:12 IST" duration-ms="238" status="PASS">
          <reporter-output>
          </reporter-output>
        </test-method> <!-- tearDown -->
        <test-method is-config="true" signature="setup()[pri:0, instance:com.amitlearning.testcases.T1_LoginTestDataFromExcelTest@478190fc]" started-at="2023-02-05T19:27:12 IST" name="setup" finished-at="2023-02-05T19:27:19 IST" duration-ms="6358" status="PASS">
          <reporter-output>
          </reporter-output>
        </test-method> <!-- setup -->
        <test-method signature="verifyLoginWithValidCredentials(java.lang.String,java.lang.String)[pri:1, instance:com.amitlearning.testcases.T1_LoginTestDataFromExcelTest@478190fc]" started-at="2023-02-05T19:27:19 IST" name="verifyLoginWithValidCredentials" data-provider="validCredentialsSupplier" finished-at="2023-02-05T19:27:20 IST" duration-ms="844" status="PASS">
          <params>
            <param index="0">
              <value>
                <![CDATA[aks007@gmail.com]]>
              </value>
            </param>
            <param index="1">
              <value>
                <![CDATA[12345]]>
              </value>
            </param>
          </params>
          <reporter-output>
          </reporter-output>
        </test-method> <!-- verifyLoginWithValidCredentials -->
        <test-method is-config="true" signature="tearDown()[pri:0, instance:com.amitlearning.testcases.T1_LoginTestDataFromExcelTest@478190fc]" started-at="2023-02-05T19:27:20 IST" name="tearDown" finished-at="2023-02-05T19:27:20 IST" duration-ms="299" status="PASS">
          <reporter-output>
          </reporter-output>
        </test-method> <!-- tearDown -->
        <test-method is-config="true" signature="setup()[pri:0, instance:com.amitlearning.testcases.T1_LoginTestDataFromExcelTest@478190fc]" started-at="2023-02-05T19:27:20 IST" name="setup" finished-at="2023-02-05T19:27:27 IST" duration-ms="6772" status="PASS">
          <reporter-output>
          </reporter-output>
        </test-method> <!-- setup -->
        <test-method signature="verifyLoginWithValidCredentials(java.lang.String,java.lang.String)[pri:1, instance:com.amitlearning.testcases.T1_LoginTestDataFromExcelTest@478190fc]" started-at="2023-02-05T19:27:27 IST" name="verifyLoginWithValidCredentials" data-provider="validCredentialsSupplier" finished-at="2023-02-05T19:27:28 IST" duration-ms="829" status="PASS">
          <params>
            <param index="0">
              <value>
                <![CDATA[aks0007@gmail.com]]>
              </value>
            </param>
            <param index="1">
              <value>
                <![CDATA[12345]]>
              </value>
            </param>
          </params>
          <reporter-output>
          </reporter-output>
        </test-method> <!-- verifyLoginWithValidCredentials -->
        <test-method is-config="true" signature="tearDown()[pri:0, instance:com.amitlearning.testcases.T1_LoginTestDataFromExcelTest@478190fc]" started-at="2023-02-05T19:27:28 IST" name="tearDown" finished-at="2023-02-05T19:27:28 IST" duration-ms="244" status="PASS">
          <reporter-output>
          </reporter-output>
        </test-method> <!-- tearDown -->
        <test-method is-config="true" signature="setup()[pri:0, instance:com.amitlearning.testcases.T1_LoginTestDataFromExcelTest@478190fc]" started-at="2023-02-05T19:27:28 IST" name="setup" finished-at="2023-02-05T19:27:34 IST" duration-ms="6616" status="PASS">
          <reporter-output>
          </reporter-output>
        </test-method> <!-- setup -->
        <test-method signature="verifyLoginWithInValidCredentials()[pri:2, instance:com.amitlearning.testcases.T1_LoginTestDataFromExcelTest@478190fc]" started-at="2023-02-05T19:27:34 IST" name="verifyLoginWithInValidCredentials" finished-at="2023-02-05T19:27:35 IST" duration-ms="707" status="PASS">
          <reporter-output>
          </reporter-output>
        </test-method> <!-- verifyLoginWithInValidCredentials -->
        <test-method is-config="true" signature="tearDown()[pri:0, instance:com.amitlearning.testcases.T1_LoginTestDataFromExcelTest@478190fc]" started-at="2023-02-05T19:27:35 IST" name="tearDown" finished-at="2023-02-05T19:27:35 IST" duration-ms="251" status="PASS">
          <reporter-output>
          </reporter-output>
        </test-method> <!-- tearDown -->
        <test-method is-config="true" signature="setup()[pri:0, instance:com.amitlearning.testcases.T1_LoginTestDataFromExcelTest@478190fc]" started-at="2023-02-05T19:27:35 IST" name="setup" finished-at="2023-02-05T19:27:42 IST" duration-ms="6709" status="PASS">
          <reporter-output>
          </reporter-output>
        </test-method> <!-- setup -->
        <test-method signature="verifyLoginWithInValidEmailAndValidPassword()[pri:3, instance:com.amitlearning.testcases.T1_LoginTestDataFromExcelTest@478190fc]" started-at="2023-02-05T19:27:42 IST" name="verifyLoginWithInValidEmailAndValidPassword" finished-at="2023-02-05T19:27:43 IST" duration-ms="706" status="PASS">
          <reporter-output>
          </reporter-output>
        </test-method> <!-- verifyLoginWithInValidEmailAndValidPassword -->
        <test-method is-config="true" signature="tearDown()[pri:0, instance:com.amitlearning.testcases.T1_LoginTestDataFromExcelTest@478190fc]" started-at="2023-02-05T19:27:43 IST" name="tearDown" finished-at="2023-02-05T19:27:43 IST" duration-ms="286" status="PASS">
          <reporter-output>
          </reporter-output>
        </test-method> <!-- tearDown -->
        <test-method is-config="true" signature="setup()[pri:0, instance:com.amitlearning.testcases.T1_LoginTestDataFromExcelTest@478190fc]" started-at="2023-02-05T19:27:43 IST" name="setup" finished-at="2023-02-05T19:27:50 IST" duration-ms="7135" status="PASS">
          <reporter-output>
          </reporter-output>
        </test-method> <!-- setup -->
        <test-method signature="verifyLoginWithValidEmailAndInValidPassword()[pri:4, instance:com.amitlearning.testcases.T1_LoginTestDataFromExcelTest@478190fc]" started-at="2023-02-05T19:27:50 IST" name="verifyLoginWithValidEmailAndInValidPassword" finished-at="2023-02-05T19:27:51 IST" duration-ms="687" status="PASS">
          <reporter-output>
          </reporter-output>
        </test-method> <!-- verifyLoginWithValidEmailAndInValidPassword -->
        <test-method is-config="true" signature="tearDown()[pri:0, instance:com.amitlearning.testcases.T1_LoginTestDataFromExcelTest@478190fc]" started-at="2023-02-05T19:27:51 IST" name="tearDown" finished-at="2023-02-05T19:27:51 IST" duration-ms="331" status="PASS">
          <reporter-output>
          </reporter-output>
        </test-method> <!-- tearDown -->
        <test-method is-config="true" signature="setup()[pri:0, instance:com.amitlearning.testcases.T1_LoginTestDataFromExcelTest@478190fc]" started-at="2023-02-05T19:27:51 IST" name="setup" finished-at="2023-02-05T19:27:58 IST" duration-ms="7072" status="PASS">
          <reporter-output>
          </reporter-output>
        </test-method> <!-- setup -->
        <test-method signature="verifyLoginWithoutProvidingCredentials()[pri:5, instance:com.amitlearning.testcases.T1_LoginTestDataFromExcelTest@478190fc]" started-at="2023-02-05T19:27:58 IST" name="verifyLoginWithoutProvidingCredentials" finished-at="2023-02-05T19:27:59 IST" duration-ms="476" status="PASS">
          <reporter-output>
          </reporter-output>
        </test-method> <!-- verifyLoginWithoutProvidingCredentials -->
        <test-method is-config="true" signature="tearDown()[pri:0, instance:com.amitlearning.testcases.T1_LoginTestDataFromExcelTest@478190fc]" started-at="2023-02-05T19:27:59 IST" name="tearDown" finished-at="2023-02-05T19:27:59 IST" duration-ms="198" status="PASS">
          <reporter-output>
          </reporter-output>
        </test-method> <!-- tearDown -->
      </class> <!-- com.amitlearning.testcases.T1_LoginTestDataFromExcelTest -->
    </test> <!-- Regression TestCases -->
  </suite> <!-- Application Automation Suite -->
</testng-results>
